android-app/app/build/intermediates/manifest_merge_blame_file/debug/manifest-merger-blame-debug-report.txt
1<?xml version="1.0" encoding="utf-8"?>
2<manifest xmlns:android="http://schemas.android.com/apk/res/android"
3    package="com.turisteam.ayuntamientocobreros"
4    android:versionCode="1"
5    android:versionName="1.0" >
6
7    <uses-sdk
8        android:minSdkVersion="21"
9        android:targetSdkVersion="34" />
10
11    <!-- Permisos necesarios -->
12    <uses-permission android:name="android.permission.INTERNET" />
12-->src\main\AndroidManifest.xml:6:5-67
12-->src\main\AndroidManifest.xml:6:22-64
13    <uses-permission android:name="android.permission.ACCESS_NETWORK_STATE" />
13-->src\main\AndroidManifest.xml:7:5-79
13-->src\main\AndroidManifest.xml:7:22-76
14    <uses-permission android:name="android.permission.WAKE_LOCK" />
14-->src\main\AndroidManifest.xml:8:5-68
14-->src\main\AndroidManifest.xml:8:22-65
15    <uses-permission android:name="android.permission.VIBRATE" />
15-->src\main\AndroidManifest.xml:9:5-66
15-->src\main\AndroidManifest.xml:9:22-63
16    <uses-permission android:name="android.permission.RECEIVE_BOOT_COMPLETED" />
16-->src\main\AndroidManifest.xml:10:5-81
16-->src\main\AndroidManifest.xml:10:22-78
17    <uses-permission android:name="android.permission.POST_NOTIFICATIONS" />
17-->src\main\AndroidManifest.xml:11:5-77
17-->src\main\AndroidManifest.xml:11:22-74
18
19    <!-- Required by older versions of Google Play services to create IID tokens -->
20    <uses-permission android:name="com.google.android.c2dm.permission.RECEIVE" />
20-->[com.google.firebase:firebase-messaging:23.4.0] AndroidManifest.xml:26:5-82
20-->[com.google.firebase:firebase-messaging:23.4.0] AndroidManifest.xml:26:22-79
21    <uses-permission android:name="com.google.android.gms.permission.AD_ID" />
21-->[com.google.android.gms:play-services-measurement-api:21.5.0] AndroidManifest.xml:25:5-79
21-->[com.google.android.gms:play-services-measurement-api:21.5.0] AndroidManifest.xml:25:22-76
22    <uses-permission android:name="android.permission.ACCESS_ADSERVICES_ATTRIBUTION" />
22-->[com.google.android.gms:play-services-measurement-api:21.5.0] AndroidManifest.xml:26:5-88
22-->[com.google.android.gms:play-services-measurement-api:21.5.0] AndroidManifest.xml:26:22-85
23    <uses-permission android:name="android.permission.ACCESS_ADSERVICES_AD_ID" />
23-->[com.google.android.gms:play-services-measurement-api:21.5.0] AndroidManifest.xml:27:5-82
23-->[com.google.android.gms:play-services-measurement-api:21.5.0] AndroidManifest.xml:27:22-79
24    <uses-permission android:name="com.google.android.finsky.permission.BIND_GET_INSTALL_REFERRER_SERVICE" />
24-->[com.google.android.gms:play-services-measurement:21.5.0] AndroidManifest.xml:26:5-110
24-->[com.google.android.gms:play-services-measurement:21.5.0] AndroidManifest.xml:26:22-107
25
26    <permission
26-->[androidx.core:core:1.9.0] AndroidManifest.xml:22:5-24:47
27        android:name="com.turisteam.ayuntamientocobreros.DYNAMIC_RECEIVER_NOT_EXPORTED_PERMISSION"
27-->[androidx.core:core:1.9.0] AndroidManifest.xml:23:9-81
28        android:protectionLevel="signature" />
28-->[androidx.core:core:1.9.0] AndroidManifest.xml:24:9-44
29
30    <uses-permission android:name="com.turisteam.ayuntamientocobreros.DYNAMIC_RECEIVER_NOT_EXPORTED_PERMISSION" />
30-->[androidx.core:core:1.9.0] AndroidManifest.xml:26:5-97
30-->[androidx.core:core:1.9.0] AndroidManifest.xml:26:22-94
31
32    <application
32-->src\main\AndroidManifest.xml:13:5-84:19
33        android:allowBackup="true"
33-->src\main\AndroidManifest.xml:14:9-35
34        android:appComponentFactory="androidx.core.app.CoreComponentFactory"
34-->[androidx.core:core:1.9.0] AndroidManifest.xml:28:18-86
35        android:dataExtractionRules="@xml/data_extraction_rules"
35-->src\main\AndroidManifest.xml:15:9-65
36        android:debuggable="true"
37        android:extractNativeLibs="true"
38        android:fullBackupContent="@xml/backup_rules"
38-->src\main\AndroidManifest.xml:16:9-54
39        android:icon="@mipmap/ic_launcher"
39-->src\main\AndroidManifest.xml:17:9-43
40        android:label="@string/app_name"
40-->src\main\AndroidManifest.xml:18:9-41
41        android:roundIcon="@mipmap/ic_launcher_round"
41-->src\main\AndroidManifest.xml:19:9-54
42        android:supportsRtl="true"
42-->src\main\AndroidManifest.xml:20:9-35
43        android:theme="@style/Theme.AyuntamientoCobreros" >
43-->src\main\AndroidManifest.xml:21:9-58
44
45        <!-- Actividad principal -->
46        <activity
46-->src\main\AndroidManifest.xml:25:9-33:20
47            android:name="com.turisteam.ayuntamientocobreros.MainActivity"
47-->src\main\AndroidManifest.xml:26:13-41
48            android:exported="true"
48-->src\main\AndroidManifest.xml:27:13-36
49            android:theme="@style/Theme.AyuntamientoCobreros" >
49-->src\main\AndroidManifest.xml:28:13-62
50            <intent-filter>
50-->src\main\AndroidManifest.xml:29:13-32:29
51                <action android:name="android.intent.action.MAIN" />
51-->src\main\AndroidManifest.xml:30:17-69
51-->src\main\AndroidManifest.xml:30:25-66
52
53                <category android:name="android.intent.category.LAUNCHER" />
53-->src\main\AndroidManifest.xml:31:17-77
53-->src\main\AndroidManifest.xml:31:27-74
54            </intent-filter>
55        </activity>
56
57        <!-- Actividades de la aplicación -->
58        <!-- Actividades de la aplicación -->
59        <activity
59-->src\main\AndroidManifest.xml:37:9-39:40
60            android:name="com.turisteam.ayuntamientocobreros.RegisterActivity"
60-->src\main\AndroidManifest.xml:38:13-45
61            android:exported="false" />
61-->src\main\AndroidManifest.xml:39:13-37
62        <activity
62-->src\main\AndroidManifest.xml:41:9-43:40
63            android:name="com.turisteam.ayuntamientocobreros.AdminLoginActivity"
63-->src\main\AndroidManifest.xml:42:13-47
64            android:exported="false" />
64-->src\main\AndroidManifest.xml:43:13-37
65        <activity
65-->src\main\AndroidManifest.xml:45:9-47:40
66            android:name="com.turisteam.ayuntamientocobreros.AdminPanelActivity"
66-->src\main\AndroidManifest.xml:46:13-47
67            android:exported="false" />
67-->src\main\AndroidManifest.xml:47:13-37
68        <activity
68-->src\main\AndroidManifest.xml:49:9-51:40
69            android:name="com.turisteam.ayuntamientocobreros.NotificationManagerActivity"
69-->src\main\AndroidManifest.xml:50:13-56
70            android:exported="false" />
70-->src\main\AndroidManifest.xml:51:13-37
71        <activity
71-->src\main\AndroidManifest.xml:53:9-55:40
72            android:name="com.turisteam.ayuntamientocobreros.NotificationDetailActivity"
72-->src\main\AndroidManifest.xml:54:13-55
73            android:exported="false" />
73-->src\main\AndroidManifest.xml:55:13-37
74        <activity
74-->src\main\AndroidManifest.xml:57:9-59:40
75            android:name="com.turisteam.ayuntamientocobreros.UserDashboardActivity"
75-->src\main\AndroidManifest.xml:58:13-50
76            android:exported="false" />
76-->src\main\AndroidManifest.xml:59:13-37
77
78        <!-- Servicio de Firebase Cloud Messaging -->
79        <service
79-->src\main\AndroidManifest.xml:62:9-68:19
80            android:name="com.turisteam.ayuntamientocobreros.MyFirebaseMessagingService"
80-->src\main\AndroidManifest.xml:63:13-55
81            android:exported="false" >
81-->src\main\AndroidManifest.xml:64:13-37
82            <intent-filter>
82-->src\main\AndroidManifest.xml:65:13-67:29
83                <action android:name="com.google.firebase.MESSAGING_EVENT" />
83-->src\main\AndroidManifest.xml:66:17-78
83-->src\main\AndroidManifest.xml:66:25-75
84            </intent-filter>
85        </service>
86
87        <!-- Servicio de Sincronización -->
88        <service
88-->src\main\AndroidManifest.xml:71:9-73:40
89            android:name="com.turisteam.ayuntamientocobreros.SyncService"
89-->src\main\AndroidManifest.xml:72:13-40
90            android:exported="false" />
90-->src\main\AndroidManifest.xml:73:13-37
91
92        <!-- Receptor de notificaciones -->
93        <receiver
93-->src\main\AndroidManifest.xml:76:9-82:20
94            android:name="com.turisteam.ayuntamientocobreros.NotificationReceiver"
94-->src\main\AndroidManifest.xml:77:13-49
95            android:exported="false" >
95-->src\main\AndroidManifest.xml:78:13-37
96            <intent-filter>
96-->src\main\AndroidManifest.xml:79:13-81:29
97                <action android:name="android.intent.action.BOOT_COMPLETED" />
97-->src\main\AndroidManifest.xml:80:17-79
97-->src\main\AndroidManifest.xml:80:25-76
98            </intent-filter>
99        </receiver>
100
101        <activity
101-->[com.google.firebase:firebase-auth:22.3.0] AndroidManifest.xml:29:9-46:20
102            android:name="com.google.firebase.auth.internal.GenericIdpActivity"
102-->[com.google.firebase:firebase-auth:22.3.0] AndroidManifest.xml:30:13-80
103            android:excludeFromRecents="true"
103-->[com.google.firebase:firebase-auth:22.3.0] AndroidManifest.xml:31:13-46
104            android:exported="true"
104-->[com.google.firebase:firebase-auth:22.3.0] AndroidManifest.xml:32:13-36
105            android:launchMode="singleTask"
105-->[com.google.firebase:firebase-auth:22.3.0] AndroidManifest.xml:33:13-44
106            android:theme="@android:style/Theme.Translucent.NoTitleBar" >
106-->[com.google.firebase:firebase-auth:22.3.0] AndroidManifest.xml:34:13-72
107            <intent-filter>
107-->[com.google.firebase:firebase-auth:22.3.0] AndroidManifest.xml:35:13-45:29
108                <action android:name="android.intent.action.VIEW" />
108-->[com.google.firebase:firebase-auth:22.3.0] AndroidManifest.xml:36:17-69
108-->[com.google.firebase:firebase-auth:22.3.0] AndroidManifest.xml:36:25-66
109
110                <category android:name="android.intent.category.DEFAULT" />
110-->[com.google.firebase:firebase-auth:22.3.0] AndroidManifest.xml:38:17-76
110-->[com.google.firebase:firebase-auth:22.3.0] AndroidManifest.xml:38:27-73
111                <category android:name="android.intent.category.BROWSABLE" />
111-->[com.google.firebase:firebase-auth:22.3.0] AndroidManifest.xml:39:17-78
111-->[com.google.firebase:firebase-auth:22.3.0] AndroidManifest.xml:39:27-75
112
113                <data
113-->[com.google.firebase:firebase-auth:22.3.0] AndroidManifest.xml:41:17-44:51
114                    android:host="firebase.auth"
114-->[com.google.firebase:firebase-auth:22.3.0] AndroidManifest.xml:42:21-49
115                    android:path="/"
115-->[com.google.firebase:firebase-auth:22.3.0] AndroidManifest.xml:43:21-37
116                    android:scheme="genericidp" />
116-->[com.google.firebase:firebase-auth:22.3.0] AndroidManifest.xml:44:21-48
117            </intent-filter>
118        </activity>
119        <activity
119-->[com.google.firebase:firebase-auth:22.3.0] AndroidManifest.xml:47:9-64:20
120            android:name="com.google.firebase.auth.internal.RecaptchaActivity"
120-->[com.google.firebase:firebase-auth:22.3.0] AndroidManifest.xml:48:13-79
121            android:excludeFromRecents="true"
121-->[com.google.firebase:firebase-auth:22.3.0] AndroidManifest.xml:49:13-46
122            android:exported="true"
122-->[com.google.firebase:firebase-auth:22.3.0] AndroidManifest.xml:50:13-36
123            android:launchMode="singleTask"
123-->[com.google.firebase:firebase-auth:22.3.0] AndroidManifest.xml:51:13-44
124            android:theme="@android:style/Theme.Translucent.NoTitleBar" >
124-->[com.google.firebase:firebase-auth:22.3.0] AndroidManifest.xml:52:13-72
125            <intent-filter>
125-->[com.google.firebase:firebase-auth:22.3.0] AndroidManifest.xml:53:13-63:29
126                <action android:name="android.intent.action.VIEW" />
126-->[com.google.firebase:firebase-auth:22.3.0] AndroidManifest.xml:36:17-69
126-->[com.google.firebase:firebase-auth:22.3.0] AndroidManifest.xml:36:25-66
127
128                <category android:name="android.intent.category.DEFAULT" />
128-->[com.google.firebase:firebase-auth:22.3.0] AndroidManifest.xml:38:17-76
128-->[com.google.firebase:firebase-auth:22.3.0] AndroidManifest.xml:38:27-73
129                <category android:name="android.intent.category.BROWSABLE" />
129-->[com.google.firebase:firebase-auth:22.3.0] AndroidManifest.xml:39:17-78
129-->[com.google.firebase:firebase-auth:22.3.0] AndroidManifest.xml:39:27-75
130
131                <data
131-->[com.google.firebase:firebase-auth:22.3.0] AndroidManifest.xml:41:17-44:51
132                    android:host="firebase.auth"
132-->[com.google.firebase:firebase-auth:22.3.0] AndroidManifest.xml:42:21-49
133                    android:path="/"
133-->[com.google.firebase:firebase-auth:22.3.0] AndroidManifest.xml:43:21-37
134                    android:scheme="recaptcha" />
134-->[com.google.firebase:firebase-auth:22.3.0] AndroidManifest.xml:44:21-48
135            </intent-filter>
136        </activity>
137
138        <service
138-->[com.google.firebase:firebase-auth:22.3.0] AndroidManifest.xml:66:9-72:19
139            android:name="com.google.firebase.components.ComponentDiscoveryService"
139-->[com.google.firebase:firebase-auth:22.3.0] AndroidManifest.xml:67:13-84
140            android:directBootAware="true"
140-->[com.google.firebase:firebase-common:20.4.2] AndroidManifest.xml:32:13-43
141            android:exported="false" >
141-->[com.google.firebase:firebase-auth:22.3.0] AndroidManifest.xml:68:13-37
142            <meta-data
142-->[com.google.firebase:firebase-auth:22.3.0] AndroidManifest.xml:69:13-71:85
143                android:name="com.google.firebase.components:com.google.firebase.auth.FirebaseAuthRegistrar"
143-->[com.google.firebase:firebase-auth:22.3.0] AndroidManifest.xml:70:17-109
144                android:value="com.google.firebase.components.ComponentRegistrar" />
144-->[com.google.firebase:firebase-auth:22.3.0] AndroidManifest.xml:71:17-82
145            <meta-data
145-->[com.google.firebase:firebase-firestore:24.10.0] AndroidManifest.xml:17:13-19:85
146                android:name="com.google.firebase.components:com.google.firebase.firestore.FirebaseFirestoreKtxRegistrar"
146-->[com.google.firebase:firebase-firestore:24.10.0] AndroidManifest.xml:18:17-122
147                android:value="com.google.firebase.components.ComponentRegistrar" />
147-->[com.google.firebase:firebase-firestore:24.10.0] AndroidManifest.xml:19:17-82
148            <meta-data
148-->[com.google.firebase:firebase-firestore:24.10.0] AndroidManifest.xml:20:13-22:85
149                android:name="com.google.firebase.components:com.google.firebase.firestore.FirestoreRegistrar"
149-->[com.google.firebase:firebase-firestore:24.10.0] AndroidManifest.xml:21:17-111
150                android:value="com.google.firebase.components.ComponentRegistrar" />
150-->[com.google.firebase:firebase-firestore:24.10.0] AndroidManifest.xml:22:17-82
151            <meta-data
151-->[com.google.firebase:firebase-messaging:23.4.0] AndroidManifest.xml:57:13-59:85
152                android:name="com.google.firebase.components:com.google.firebase.messaging.FirebaseMessagingKtxRegistrar"
152-->[com.google.firebase:firebase-messaging:23.4.0] AndroidManifest.xml:58:17-122
153                android:value="com.google.firebase.components.ComponentRegistrar" />
153-->[com.google.firebase:firebase-messaging:23.4.0] AndroidManifest.xml:59:17-82
154            <meta-data
154-->[com.google.firebase:firebase-messaging:23.4.0] AndroidManifest.xml:60:13-62:85
155                android:name="com.google.firebase.components:com.google.firebase.messaging.FirebaseMessagingRegistrar"
155-->[com.google.firebase:firebase-messaging:23.4.0] AndroidManifest.xml:61:17-119
156                android:value="com.google.firebase.components.ComponentRegistrar" />
156-->[com.google.firebase:firebase-messaging:23.4.0] AndroidManifest.xml:62:17-82
157            <meta-data
157-->[com.google.firebase:firebase-storage:20.3.0] AndroidManifest.xml:30:13-32:85
158                android:name="com.google.firebase.components:com.google.firebase.storage.FirebaseStorageKtxRegistrar"
158-->[com.google.firebase:firebase-storage:20.3.0] AndroidManifest.xml:31:17-118
159                android:value="com.google.firebase.components.ComponentRegistrar" />
159-->[com.google.firebase:firebase-storage:20.3.0] AndroidManifest.xml:32:17-82
160            <meta-data
160-->[com.google.firebase:firebase-storage:20.3.0] AndroidManifest.xml:33:13-35:85
161                android:name="com.google.firebase.components:com.google.firebase.storage.StorageRegistrar"
161-->[com.google.firebase:firebase-storage:20.3.0] AndroidManifest.xml:34:17-107
162                android:value="com.google.firebase.components.ComponentRegistrar" />
162-->[com.google.firebase:firebase-storage:20.3.0] AndroidManifest.xml:35:17-82
163            <meta-data
163-->[com.google.firebase:firebase-appcheck:17.1.1] AndroidManifest.xml:25:13-27:85
164                android:name="com.google.firebase.components:com.google.firebase.appcheck.FirebaseAppCheckKtxRegistrar"
164-->[com.google.firebase:firebase-appcheck:17.1.1] AndroidManifest.xml:26:17-120
165                android:value="com.google.firebase.components.ComponentRegistrar" />
165-->[com.google.firebase:firebase-appcheck:17.1.1] AndroidManifest.xml:27:17-82
166            <meta-data
166-->[com.google.firebase:firebase-appcheck:17.1.1] AndroidManifest.xml:28:13-30:85
167                android:name="com.google.firebase.components:com.google.firebase.appcheck.FirebaseAppCheckRegistrar"
167-->[com.google.firebase:firebase-appcheck:17.1.1] AndroidManifest.xml:29:17-117
168                android:value="com.google.firebase.components.ComponentRegistrar" />
168-->[com.google.firebase:firebase-appcheck:17.1.1] AndroidManifest.xml:30:17-82
169            <meta-data
169-->[com.google.firebase:firebase-datatransport:18.1.7] AndroidManifest.xml:27:13-29:85
170                android:name="com.google.firebase.components:com.google.firebase.datatransport.TransportRegistrar"
170-->[com.google.firebase:firebase-datatransport:18.1.7] AndroidManifest.xml:28:17-115
171                android:value="com.google.firebase.components.ComponentRegistrar" />
171-->[com.google.firebase:firebase-datatransport:18.1.7] AndroidManifest.xml:29:17-82
172            <meta-data
172-->[com.google.android.gms:play-services-measurement-api:21.5.0] AndroidManifest.xml:37:13-39:85
173                android:name="com.google.firebase.components:com.google.firebase.analytics.connector.internal.AnalyticsConnectorRegistrar"
173-->[com.google.android.gms:play-services-measurement-api:21.5.0] AndroidManifest.xml:38:17-139
174                android:value="com.google.firebase.components.ComponentRegistrar" />
174-->[com.google.android.gms:play-services-measurement-api:21.5.0] AndroidManifest.xml:39:17-82
175            <meta-data
175-->[com.google.firebase:firebase-installations:17.2.0] AndroidManifest.xml:15:13-17:85
176                android:name="com.google.firebase.components:com.google.firebase.installations.FirebaseInstallationsKtxRegistrar"
176-->[com.google.firebase:firebase-installations:17.2.0] AndroidManifest.xml:16:17-130
177                android:value="com.google.firebase.components.ComponentRegistrar" />
177-->[com.google.firebase:firebase-installations:17.2.0] AndroidManifest.xml:17:17-82
178            <meta-data
178-->[com.google.firebase:firebase-installations:17.2.0] AndroidManifest.xml:18:13-20:85
179                android:name="com.google.firebase.components:com.google.firebase.installations.FirebaseInstallationsRegistrar"
179-->[com.google.firebase:firebase-installations:17.2.0] AndroidManifest.xml:19:17-127
180                android:value="com.google.firebase.components.ComponentRegistrar" />
180-->[com.google.firebase:firebase-installations:17.2.0] AndroidManifest.xml:20:17-82
181            <meta-data
181-->[com.google.firebase:firebase-common-ktx:20.4.2] AndroidManifest.xml:12:13-14:85
182                android:name="com.google.firebase.components:com.google.firebase.ktx.FirebaseCommonLegacyRegistrar"
182-->[com.google.firebase:firebase-common-ktx:20.4.2] AndroidManifest.xml:13:17-116
183                android:value="com.google.firebase.components.ComponentRegistrar" />
183-->[com.google.firebase:firebase-common-ktx:20.4.2] AndroidManifest.xml:14:17-82
184            <meta-data
184-->[com.google.firebase:firebase-common:20.4.2] AndroidManifest.xml:35:13-37:85
185                android:name="com.google.firebase.components:com.google.firebase.FirebaseCommonKtxRegistrar"
185-->[com.google.firebase:firebase-common:20.4.2] AndroidManifest.xml:36:17-109
186                android:value="com.google.firebase.components.ComponentRegistrar" />
186-->[com.google.firebase:firebase-common:20.4.2] AndroidManifest.xml:37:17-82
187        </service>
188
189        <receiver
189-->[com.google.firebase:firebase-messaging:23.4.0] AndroidManifest.xml:29:9-40:20
190            android:name="com.google.firebase.iid.FirebaseInstanceIdReceiver"
190-->[com.google.firebase:firebase-messaging:23.4.0] AndroidManifest.xml:30:13-78
191            android:exported="true"
191-->[com.google.firebase:firebase-messaging:23.4.0] AndroidManifest.xml:31:13-36
192            android:permission="com.google.android.c2dm.permission.SEND" >
192-->[com.google.firebase:firebase-messaging:23.4.0] AndroidManifest.xml:32:13-73
193            <intent-filter>
193-->[com.google.firebase:firebase-messaging:23.4.0] AndroidManifest.xml:33:13-35:29
194                <action android:name="com.google.android.c2dm.intent.RECEIVE" />
194-->[com.google.firebase:firebase-messaging:23.4.0] AndroidManifest.xml:34:17-81
194-->[com.google.firebase:firebase-messaging:23.4.0] AndroidManifest.xml:34:25-78
195            </intent-filter>
196
197            <meta-data
197-->[com.google.firebase:firebase-messaging:23.4.0] AndroidManifest.xml:37:13-39:40
198                android:name="com.google.android.gms.cloudmessaging.FINISHED_AFTER_HANDLED"
198-->[com.google.firebase:firebase-messaging:23.4.0] AndroidManifest.xml:38:17-92
199                android:value="true" />
199-->[com.google.firebase:firebase-messaging:23.4.0] AndroidManifest.xml:39:17-37
200        </receiver>
201        <!--
202             FirebaseMessagingService performs security checks at runtime,
203             but set to not exported to explicitly avoid allowing another app to call it.
204        -->
205        <service
205-->[com.google.firebase:firebase-messaging:23.4.0] AndroidManifest.xml:46:9-53:19
206            android:name="com.google.firebase.messaging.FirebaseMessagingService"
206-->[com.google.firebase:firebase-messaging:23.4.0] AndroidManifest.xml:47:13-82
207            android:directBootAware="true"
207-->[com.google.firebase:firebase-messaging:23.4.0] AndroidManifest.xml:48:13-43
208            android:exported="false" >
208-->[com.google.firebase:firebase-messaging:23.4.0] AndroidManifest.xml:49:13-37
209            <intent-filter android:priority="-500" >
209-->src\main\AndroidManifest.xml:65:13-67:29
210                <action android:name="com.google.firebase.MESSAGING_EVENT" />
210-->src\main\AndroidManifest.xml:66:17-78
210-->src\main\AndroidManifest.xml:66:25-75
211            </intent-filter>
212        </service>
213
214        <activity
214-->[com.google.android.gms:play-services-auth:20.7.0] AndroidManifest.xml:23:9-27:75
215            android:name="com.google.android.gms.auth.api.signin.internal.SignInHubActivity"
215-->[com.google.android.gms:play-services-auth:20.7.0] AndroidManifest.xml:24:13-93
216            android:excludeFromRecents="true"
216-->[com.google.android.gms:play-services-auth:20.7.0] AndroidManifest.xml:25:13-46
217            android:exported="false"
217-->[com.google.android.gms:play-services-auth:20.7.0] AndroidManifest.xml:26:13-37
218            android:theme="@android:style/Theme.Translucent.NoTitleBar" />
218-->[com.google.android.gms:play-services-auth:20.7.0] AndroidManifest.xml:27:13-72
219        <!--
220            Service handling Google Sign-In user revocation. For apps that do not integrate with
221            Google Sign-In, this service will never be started.
222        -->
223        <service
223-->[com.google.android.gms:play-services-auth:20.7.0] AndroidManifest.xml:33:9-37:51
224            android:name="com.google.android.gms.auth.api.signin.RevocationBoundService"
224-->[com.google.android.gms:play-services-auth:20.7.0] AndroidManifest.xml:34:13-89
225            android:exported="true"
225-->[com.google.android.gms:play-services-auth:20.7.0] AndroidManifest.xml:35:13-36
226            android:permission="com.google.android.gms.auth.api.signin.permission.REVOCATION_NOTIFICATION"
226-->[com.google.android.gms:play-services-auth:20.7.0] AndroidManifest.xml:36:13-107
227            android:visibleToInstantApps="true" />
227-->[com.google.android.gms:play-services-auth:20.7.0] AndroidManifest.xml:37:13-48
228        <service
228-->[com.google.android.datatransport:transport-backend-cct:3.1.8] AndroidManifest.xml:28:9-34:19
229            android:name="com.google.android.datatransport.runtime.backends.TransportBackendDiscovery"
229-->[com.google.android.datatransport:transport-backend-cct:3.1.8] AndroidManifest.xml:29:13-103
230            android:exported="false" >
230-->[com.google.android.datatransport:transport-backend-cct:3.1.8] AndroidManifest.xml:30:13-37
231            <meta-data
231-->[com.google.android.datatransport:transport-backend-cct:3.1.8] AndroidManifest.xml:31:13-33:39
232                android:name="backend:com.google.android.datatransport.cct.CctBackendFactory"
232-->[com.google.android.datatransport:transport-backend-cct:3.1.8] AndroidManifest.xml:32:17-94
233                android:value="cct" />
233-->[com.google.android.datatransport:transport-backend-cct:3.1.8] AndroidManifest.xml:33:17-36
234        </service>
235        <service
235-->[com.google.android.datatransport:transport-runtime:3.1.8] AndroidManifest.xml:26:9-30:19
236            android:name="com.google.android.datatransport.runtime.scheduling.jobscheduling.JobInfoSchedulerService"
236-->[com.google.android.datatransport:transport-runtime:3.1.8] AndroidManifest.xml:27:13-117
237            android:exported="false"
237-->[com.google.android.datatransport:transport-runtime:3.1.8] AndroidManifest.xml:28:13-37
238            android:permission="android.permission.BIND_JOB_SERVICE" >
238-->[com.google.android.datatransport:transport-runtime:3.1.8] AndroidManifest.xml:29:13-69
239        </service>
240
241        <receiver
241-->[com.google.android.datatransport:transport-runtime:3.1.8] AndroidManifest.xml:32:9-34:40
242            android:name="com.google.android.datatransport.runtime.scheduling.jobscheduling.AlarmManagerSchedulerBroadcastReceiver"
242-->[com.google.android.datatransport:transport-runtime:3.1.8] AndroidManifest.xml:33:13-132
243            android:exported="false" />
243-->[com.google.android.datatransport:transport-runtime:3.1.8] AndroidManifest.xml:34:13-37
244
245        <property
245-->[com.google.android.gms:play-services-measurement-api:21.5.0] AndroidManifest.xml:30:9-32:61
246            android:name="android.adservices.AD_SERVICES_CONFIG"
246-->[com.google.android.gms:play-services-measurement-api:21.5.0] AndroidManifest.xml:31:13-65
247            android:resource="@xml/ga_ad_services_config" />
247-->[com.google.android.gms:play-services-measurement-api:21.5.0] AndroidManifest.xml:32:13-58
248
249        <provider
249-->[com.google.firebase:firebase-common:20.4.2] AndroidManifest.xml:23:9-28:39
250            android:name="com.google.firebase.provider.FirebaseInitProvider"
250-->[com.google.firebase:firebase-common:20.4.2] AndroidManifest.xml:24:13-77
251            android:authorities="com.turisteam.ayuntamientocobreros.firebaseinitprovider"
251-->[com.google.firebase:firebase-common:20.4.2] AndroidManifest.xml:25:13-72
252            android:directBootAware="true"
252-->[com.google.firebase:firebase-common:20.4.2] AndroidManifest.xml:26:13-43
253            android:exported="false"
253-->[com.google.firebase:firebase-common:20.4.2] AndroidManifest.xml:27:13-37
254            android:initOrder="100" />
254-->[com.google.firebase:firebase-common:20.4.2] AndroidManifest.xml:28:13-36
255
256        <activity
256-->[com.google.android.gms:play-services-base:18.0.1] AndroidManifest.xml:20:9-22:45
257            android:name="com.google.android.gms.common.api.GoogleApiActivity"
257-->[com.google.android.gms:play-services-base:18.0.1] AndroidManifest.xml:20:19-85
258            android:exported="false"
258-->[com.google.android.gms:play-services-base:18.0.1] AndroidManifest.xml:22:19-43
259            android:theme="@android:style/Theme.Translucent.NoTitleBar" />
259-->[com.google.android.gms:play-services-base:18.0.1] AndroidManifest.xml:21:19-78
260
261        <receiver
261-->[com.google.android.gms:play-services-measurement:21.5.0] AndroidManifest.xml:29:9-33:20
262            android:name="com.google.android.gms.measurement.AppMeasurementReceiver"
262-->[com.google.android.gms:play-services-measurement:21.5.0] AndroidManifest.xml:30:13-85
263            android:enabled="true"
263-->[com.google.android.gms:play-services-measurement:21.5.0] AndroidManifest.xml:31:13-35
264            android:exported="false" >
264-->[com.google.android.gms:play-services-measurement:21.5.0] AndroidManifest.xml:32:13-37
265        </receiver>
266
267        <service
267-->[com.google.android.gms:play-services-measurement:21.5.0] AndroidManifest.xml:35:9-38:40
268            android:name="com.google.android.gms.measurement.AppMeasurementService"
268-->[com.google.android.gms:play-services-measurement:21.5.0] AndroidManifest.xml:36:13-84
269            android:enabled="true"
269-->[com.google.android.gms:play-services-measurement:21.5.0] AndroidManifest.xml:37:13-35
270            android:exported="false" />